<?xml version="1.0" encoding="UTF-8"?>
<!-- Generated by org.testng.reporters.JUnitReportReporter -->
<testsuite hostname="DESKTOP-B2426KB" name="Package1.TestA" tests="2" failures="0" timestamp="28 Sep 2020 10:34:04 GMT" time="40.617" errors="0">
  <testcase name="testA" time="16.399" classname="Package1.TestA"/>
  <testcase name="testA" time="24.218" classname="Package1.TestA"/>
</testsuite> <!-- Package1.TestA -->
