<?xml version="1.0" encoding="UTF-8"?>
<!-- Generated by org.testng.reporters.JUnitReportReporter -->
<testsuite hostname="DESKTOP-B2426KB" name="Package1.TestB" tests="2" failures="0" timestamp="28 Sep 2020 10:34:04 GMT" time="41.696" errors="0">
  <testcase name="testB" time="17.037" classname="Package1.TestB"/>
  <testcase name="testB" time="24.659" classname="Package1.TestB"/>
</testsuite> <!-- Package1.TestB -->
