<?xml version="1.0" encoding="UTF-8"?>
<!-- Generated by org.testng.reporters.JUnitReportReporter -->
<testsuite hostname="DESKTOP-B2426KB" name="Package1.TestC" tests="2" failures="0" timestamp="28 Sep 2020 10:34:04 GMT" time="36.821" errors="0">
  <testcase name="testC" time="24.841" classname="Package1.TestC"/>
  <testcase name="testC" time="11.980" classname="Package1.TestC"/>
</testsuite> <!-- Package1.TestC -->
